{"C:\\Users\\nored\\OneDrive\\Bureau\\mini projet d'apprentissage CS\\React et asp\\B3\\FE_Mercadona\\fe_mercadona\\src\\endpoints.ts": {"path":"C:\\Users\\nored\\OneDrive\\Bureau\\mini projet d'apprentissage CS\\React et asp\\B3\\FE_Mercadona\\fe_mercadona\\src\\endpoints.ts","statementMap":{"0":{"start":{"line":2,"column":16},"end":{"line":2,"column":73}},"1":{"start":{"line":3,"column":13},"end":{"line":3,"column":48}},"2":{"start":{"line":4,"column":13},"end":{"line":4,"column":51}},"3":{"start":{"line":5,"column":13},"end":{"line":5,"column":52}},"4":{"start":{"line":6,"column":13},"end":{"line":6,"column":49}}},"fnMap":{},"branchMap":{},"s":{"0":1,"1":1,"2":1,"3":1,"4":1},"f":{},"b":{}}
,"C:\\Users\\nored\\OneDrive\\Bureau\\mini projet d'apprentissage CS\\React et asp\\B3\\FE_Mercadona\\fe_mercadona\\src\\Auth\\AuthForm.tsx": {"path":"C:\\Users\\nored\\OneDrive\\Bureau\\mini projet d'apprentissage CS\\React et asp\\B3\\FE_Mercadona\\fe_mercadona\\src\\Auth\\AuthForm.tsx","statementMap":{"0":{"start":{"line":1,"column":0},"end":{"line":1,"column":53}},"1":{"start":{"line":3,"column":0},"end":{"line":3,"column":27}},"2":{"start":{"line":4,"column":0},"end":{"line":4,"column":43}},"3":{"start":{"line":6,"column":0},"end":{"line":6,"column":40}},"4":{"start":{"line":7,"column":0},"end":{"line":7,"column":41}},"5":{"start":{"line":12,"column":4},"end":{"line":31,"column":null}},"6":{"start":{"line":11,"column":0},"end":{"line":11,"column":24}}},"fnMap":{"0":{"name":"AuthForm","decl":{"start":{"line":11,"column":24},"end":{"line":11,"column":32}},"loc":{"start":{"line":11,"column":53},"end":{"line":32,"column":1}}}},"branchMap":{},"s":{"0":1,"1":1,"2":1,"3":1,"4":1,"5":1,"6":1},"f":{"0":1},"b":{}}
,"C:\\Users\\nored\\OneDrive\\Bureau\\mini projet d'apprentissage CS\\React et asp\\B3\\FE_Mercadona\\fe_mercadona\\src\\Auth\\AuthenticationContext.ts": {"path":"C:\\Users\\nored\\OneDrive\\Bureau\\mini projet d'apprentissage CS\\React et asp\\B3\\FE_Mercadona\\fe_mercadona\\src\\Auth\\AuthenticationContext.ts","statementMap":{"0":{"start":{"line":1,"column":0},"end":{"line":1,"column":26}},"1":{"start":{"line":4,"column":30},"end":{"line":7,"column":37}},"2":{"start":{"line":9,"column":0},"end":{"line":9,"column":37}}},"fnMap":{"0":{"name":"(anonymous_1)","decl":{"start":{"line":7,"column":25},"end":{"line":7,"column":28}},"loc":{"start":{"line":7,"column":30},"end":{"line":7,"column":34}}}},"branchMap":{},"s":{"0":1,"1":1,"2":1},"f":{"0":0},"b":{}}
,"C:\\Users\\nored\\OneDrive\\Bureau\\mini projet d'apprentissage CS\\React et asp\\B3\\FE_Mercadona\\fe_mercadona\\src\\Auth\\Login.tsx": {"path":"C:\\Users\\nored\\OneDrive\\Bureau\\mini projet d'apprentissage CS\\React et asp\\B3\\FE_Mercadona\\fe_mercadona\\src\\Auth\\Login.tsx","statementMap":{"0":{"start":{"line":1,"column":0},"end":{"line":1,"column":34}},"1":{"start":{"line":3,"column":0},"end":{"line":3,"column":47}},"2":{"start":{"line":4,"column":0},"end":{"line":4,"column":43}},"3":{"start":{"line":5,"column":0},"end":{"line":5,"column":26}},"4":{"start":{"line":6,"column":0},"end":{"line":6,"column":44}},"5":{"start":{"line":7,"column":0},"end":{"line":7,"column":50}},"6":{"start":{"line":8,"column":0},"end":{"line":8,"column":60}},"7":{"start":{"line":11,"column":32},"end":{"line":11,"column":54}},"8":{"start":{"line":12,"column":23},"end":{"line":12,"column":56}},"9":{"start":{"line":13,"column":21},"end":{"line":13,"column":34}},"10":{"start":{"line":15,"column":8},"end":{"line":23,"column":null}},"11":{"start":{"line":16,"column":29},"end":{"line":17,"column":82}},"12":{"start":{"line":18,"column":12},"end":{"line":18,"column":37}},"13":{"start":{"line":19,"column":12},"end":{"line":19,"column":31}},"14":{"start":{"line":20,"column":12},"end":{"line":20,"column":26}},"15":{"start":{"line":22,"column":12},"end":{"line":22,"column":null}},"16":{"start":{"line":26,"column":4},"end":{"line":35,"column":null}},"17":{"start":{"line":32,"column":46},"end":{"line":32,"column":65}},"18":{"start":{"line":10,"column":0},"end":{"line":10,"column":24}}},"fnMap":{"0":{"name":"Login","decl":{"start":{"line":10,"column":24},"end":{"line":10,"column":29}},"loc":{"start":{"line":10,"column":29},"end":{"line":36,"column":1}}},"1":{"name":"login","decl":{"start":{"line":14,"column":19},"end":{"line":14,"column":24}},"loc":{"start":{"line":14,"column":53},"end":{"line":24,"column":5}}},"2":{"name":"(anonymous_3)","decl":{"start":{"line":32,"column":30},"end":{"line":32,"column":35}},"loc":{"start":{"line":32,"column":46},"end":{"line":32,"column":65}}}},"branchMap":{},"s":{"0":1,"1":1,"2":1,"3":1,"4":1,"5":1,"6":1,"7":1,"8":1,"9":1,"10":1,"11":1,"12":0,"13":0,"14":0,"15":1,"16":1,"17":1,"18":1},"f":{"0":1,"1":1,"2":1},"b":{}}
,"C:\\Users\\nored\\OneDrive\\Bureau\\mini projet d'apprentissage CS\\React et asp\\B3\\FE_Mercadona\\fe_mercadona\\src\\Auth\\handleJWT.ts": {"path":"C:\\Users\\nored\\OneDrive\\Bureau\\mini projet d'apprentissage CS\\React et asp\\B3\\FE_Mercadona\\fe_mercadona\\src\\Auth\\handleJWT.ts","statementMap":{"0":{"start":{"line":4,"column":17},"end":{"line":4,"column":24}},"1":{"start":{"line":5,"column":22},"end":{"line":5,"column":40}},"2":{"start":{"line":8,"column":4},"end":{"line":8,"column":51}},"3":{"start":{"line":9,"column":4},"end":{"line":9,"column":72}},"4":{"start":{"line":7,"column":0},"end":{"line":7,"column":16}},"5":{"start":{"line":12,"column":18},"end":{"line":12,"column":48}},"6":{"start":{"line":13,"column":4},"end":{"line":15,"column":null}},"7":{"start":{"line":14,"column":8},"end":{"line":14,"column":18}},"8":{"start":{"line":16,"column":27},"end":{"line":16,"column":62}},"9":{"start":{"line":17,"column":27},"end":{"line":17,"column":47}},"10":{"start":{"line":19,"column":4},"end":{"line":22,"column":null}},"11":{"start":{"line":20,"column":8},"end":{"line":20,"column":17}},"12":{"start":{"line":21,"column":8},"end":{"line":21,"column":18}},"13":{"start":{"line":23,"column":22},"end":{"line":23,"column":59}},"14":{"start":{"line":24,"column":30},"end":{"line":24,"column":32}},"15":{"start":{"line":25,"column":4},"end":{"line":27,"column":null}},"16":{"start":{"line":26,"column":8},"end":{"line":26,"column":70}},"17":{"start":{"line":29,"column":4},"end":{"line":29,"column":20}},"18":{"start":{"line":11,"column":0},"end":{"line":11,"column":16}},"19":{"start":{"line":33,"column":4},"end":{"line":33,"column":38}},"20":{"start":{"line":34,"column":4},"end":{"line":34,"column":43}},"21":{"start":{"line":32,"column":0},"end":{"line":32,"column":16}}},"fnMap":{"0":{"name":"saveToken","decl":{"start":{"line":7,"column":16},"end":{"line":7,"column":25}},"loc":{"start":{"line":7,"column":58},"end":{"line":10,"column":1}}},"1":{"name":"getClaim","decl":{"start":{"line":11,"column":16},"end":{"line":11,"column":24}},"loc":{"start":{"line":11,"column":24},"end":{"line":30,"column":1}}},"2":{"name":"logOut","decl":{"start":{"line":32,"column":16},"end":{"line":32,"column":22}},"loc":{"start":{"line":32,"column":22},"end":{"line":35,"column":1}}}},"branchMap":{"0":{"loc":{"start":{"line":13,"column":4},"end":{"line":15,"column":null}},"type":"if","locations":[{"start":{"line":13,"column":4},"end":{"line":15,"column":null}}]},"1":{"loc":{"start":{"line":19,"column":4},"end":{"line":22,"column":null}},"type":"if","locations":[{"start":{"line":19,"column":4},"end":{"line":22,"column":null}}]}},"s":{"0":1,"1":1,"2":0,"3":0,"4":1,"5":0,"6":0,"7":0,"8":0,"9":0,"10":0,"11":0,"12":0,"13":0,"14":0,"15":0,"16":0,"17":0,"18":1,"19":0,"20":0,"21":1},"f":{"0":0,"1":0,"2":0},"b":{"0":[0],"1":[0]}}
,"C:\\Users\\nored\\OneDrive\\Bureau\\mini projet d'apprentissage CS\\React et asp\\B3\\FE_Mercadona\\fe_mercadona\\src\\Component\\CardProduct.tsx": {"path":"C:\\Users\\nored\\OneDrive\\Bureau\\mini projet d'apprentissage CS\\React et asp\\B3\\FE_Mercadona\\fe_mercadona\\src\\Component\\CardProduct.tsx","statementMap":{"0":{"start":{"line":3,"column":0},"end":{"line":3,"column":44}},"1":{"start":{"line":4,"column":0},"end":{"line":4,"column":40}},"2":{"start":{"line":5,"column":0},"end":{"line":5,"column":44}},"3":{"start":{"line":7,"column":0},"end":{"line":7,"column":45}},"4":{"start":{"line":10,"column":48},"end":{"line":10,"column":76}},"5":{"start":{"line":11,"column":4},"end":{"line":14,"column":null}},"6":{"start":{"line":12,"column":8},"end":{"line":12,"column":23}},"7":{"start":{"line":16,"column":8},"end":{"line":20,"column":null}},"8":{"start":{"line":18,"column":16},"end":{"line":18,"column":49}},"9":{"start":{"line":24,"column":21},"end":{"line":24,"column":82}},"10":{"start":{"line":24,"column":47},"end":{"line":24,"column":80}},"11":{"start":{"line":26,"column":8},"end":{"line":47,"column":10}},"12":{"start":{"line":9,"column":0},"end":{"line":9,"column":24}}},"fnMap":{"0":{"name":"CardProduct","decl":{"start":{"line":9,"column":24},"end":{"line":9,"column":35}},"loc":{"start":{"line":9,"column":46},"end":{"line":49,"column":1}}},"1":{"name":"(anonymous_2)","decl":{"start":{"line":11,"column":14},"end":{"line":11,"column":17}},"loc":{"start":{"line":11,"column":19},"end":{"line":14,"column":5}}},"2":{"name":"getPromotion","decl":{"start":{"line":15,"column":19},"end":{"line":15,"column":31}},"loc":{"start":{"line":15,"column":31},"end":{"line":21,"column":5}}},"3":{"name":"(anonymous_4)","decl":{"start":{"line":17,"column":18},"end":{"line":17,"column":19}},"loc":{"start":{"line":17,"column":62},"end":{"line":20,"column":13}}},"4":{"name":"(anonymous_5)","decl":{"start":{"line":24,"column":41},"end":{"line":24,"column":42}},"loc":{"start":{"line":24,"column":47},"end":{"line":24,"column":80}}}},"branchMap":{"0":{"loc":{"start":{"line":34,"column":28},"end":{"line":38,"column":101}},"type":"cond-expr","locations":[{"start":{"line":36,"column":32},"end":{"line":37,"column":null}},{"start":{"line":38,"column":48},"end":{"line":38,"column":101}}]}},"s":{"0":1,"1":1,"2":1,"3":1,"4":9,"5":9,"6":9,"7":9,"8":0,"9":9,"10":0,"11":9,"12":1},"f":{"0":9,"1":9,"2":9,"3":0,"4":0},"b":{"0":[5,4]}}
,"C:\\Users\\nored\\OneDrive\\Bureau\\mini projet d'apprentissage CS\\React et asp\\B3\\FE_Mercadona\\fe_mercadona\\src\\Component\\Catalogue.tsx": {"path":"C:\\Users\\nored\\OneDrive\\Bureau\\mini projet d'apprentissage CS\\React et asp\\B3\\FE_Mercadona\\fe_mercadona\\src\\Component\\Catalogue.tsx","statementMap":{"0":{"start":{"line":4,"column":0},"end":{"line":4,"column":33}},"1":{"start":{"line":5,"column":0},"end":{"line":5,"column":65}},"2":{"start":{"line":6,"column":0},"end":{"line":6,"column":40}},"3":{"start":{"line":7,"column":0},"end":{"line":7,"column":48}},"4":{"start":{"line":11,"column":0},"end":{"line":11,"column":22}},"5":{"start":{"line":16,"column":25},"end":{"line":16,"column":39}},"6":{"start":{"line":18,"column":8},"end":{"line":18,"column":21}},"7":{"start":{"line":19,"column":8},"end":{"line":19,"column":112}},"8":{"start":{"line":23,"column":8},"end":{"line":23,"column":32}},"9":{"start":{"line":24,"column":8},"end":{"line":24,"column":34}},"10":{"start":{"line":25,"column":8},"end":{"line":25,"column":34}},"11":{"start":{"line":30,"column":8},"end":{"line":30,"column":32}},"12":{"start":{"line":36,"column":23},"end":{"line":36,"column":55}},"13":{"start":{"line":37,"column":27},"end":{"line":37,"column":48}},"14":{"start":{"line":38,"column":31},"end":{"line":38,"column":60}},"15":{"start":{"line":42,"column":8},"end":{"line":42,"column":70}},"16":{"start":{"line":42,"column":47},"end":{"line":42,"column":67}},"17":{"start":{"line":44,"column":8},"end":{"line":81,"column":10}},"18":{"start":{"line":51,"column":32},"end":{"line":52,"column":null}},"19":{"start":{"line":60,"column":51},"end":{"line":76,"column":33}},"20":{"start":{"line":85,"column":23},"end":{"line":87,"column":105}},"21":{"start":{"line":89,"column":4},"end":{"line":94,"column":null}},"22":{"start":{"line":97,"column":25},"end":{"line":97,"column":48}},"23":{"start":{"line":98,"column":21},"end":{"line":98,"column":42}},"24":{"start":{"line":99,"column":8},"end":{"line":99,"column":83}},"25":{"start":{"line":103,"column":25},"end":{"line":103,"column":49}},"26":{"start":{"line":104,"column":21},"end":{"line":104,"column":42}},"27":{"start":{"line":105,"column":8},"end":{"line":105,"column":86}},"28":{"start":{"line":109,"column":25},"end":{"line":109,"column":50}},"29":{"start":{"line":110,"column":21},"end":{"line":110,"column":42}},"30":{"start":{"line":111,"column":8},"end":{"line":111,"column":87}},"31":{"start":{"line":15,"column":0},"end":{"line":15,"column":21}}},"fnMap":{"0":{"name":"(anonymous_1)","decl":{"start":{"line":17,"column":4},"end":{"line":17,"column":16}},"loc":{"start":{"line":17,"column":26},"end":{"line":20,"column":5}}},"1":{"name":"(anonymous_2)","decl":{"start":{"line":22,"column":4},"end":{"line":22,"column":21}},"loc":{"start":{"line":22,"column":21},"end":{"line":28,"column":5}}},"2":{"name":"(anonymous_3)","decl":{"start":{"line":29,"column":4},"end":{"line":29,"column":22}},"loc":{"start":{"line":29,"column":22},"end":{"line":32,"column":5}}},"3":{"name":"(anonymous_4)","decl":{"start":{"line":34,"column":4},"end":{"line":34,"column":10}},"loc":{"start":{"line":34,"column":83},"end":{"line":82,"column":5}}},"4":{"name":"(anonymous_5)","decl":{"start":{"line":42,"column":38},"end":{"line":42,"column":39}},"loc":{"start":{"line":42,"column":47},"end":{"line":42,"column":67}}},"5":{"name":"(anonymous_6)","decl":{"start":{"line":50,"column":54},"end":{"line":50,"column":62}},"loc":{"start":{"line":51,"column":32},"end":{"line":52,"column":null}}},"6":{"name":"(anonymous_7)","decl":{"start":{"line":60,"column":39},"end":{"line":60,"column":46}},"loc":{"start":{"line":60,"column":51},"end":{"line":76,"column":33}}},"7":{"name":"(anonymous_8)","decl":{"start":{"line":83,"column":4},"end":{"line":83,"column":10}},"loc":{"start":{"line":83,"column":10},"end":{"line":95,"column":5}}},"8":{"name":"(anonymous_9)","decl":{"start":{"line":96,"column":4},"end":{"line":96,"column":9}},"loc":{"start":{"line":96,"column":26},"end":{"line":101,"column":5}}},"9":{"name":"(anonymous_10)","decl":{"start":{"line":102,"column":4},"end":{"line":102,"column":9}},"loc":{"start":{"line":102,"column":28},"end":{"line":107,"column":5}}},"10":{"name":"(anonymous_11)","decl":{"start":{"line":108,"column":4},"end":{"line":108,"column":9}},"loc":{"start":{"line":108,"column":28},"end":{"line":113,"column":5}}}},"branchMap":{"0":{"loc":{"start":{"line":60,"column":51},"end":{"line":76,"column":33}},"type":"cond-expr","locations":[{"start":{"line":61,"column":20},"end":{"line":61,"column":null}},{"start":{"line":68,"column":26},"end":{"line":76,"column":32}}]},"1":{"loc":{"start":{"line":68,"column":26},"end":{"line":76,"column":32}},"type":"cond-expr","locations":[{"start":{"line":69,"column":24},"end":{"line":69,"column":null}},{"start":{"line":76,"column":27},"end":{"line":76,"column":32}}]},"2":{"loc":{"start":{"line":85,"column":23},"end":{"line":87,"column":105}},"type":"cond-expr","locations":[{"start":{"line":86,"column":14},"end":{"line":86,"column":74}},{"start":{"line":87,"column":14},"end":{"line":87,"column":105}}]}},"s":{"0":1,"1":1,"2":1,"3":1,"4":1,"5":1,"6":4,"7":4,"8":4,"9":4,"10":4,"11":2,"12":2,"13":2,"14":2,"15":2,"16":0,"17":2,"18":0,"19":9,"20":6,"21":6,"22":6,"23":4,"24":4,"25":4,"26":3,"27":3,"28":4,"29":4,"30":4,"31":1},"f":{"0":4,"1":4,"2":2,"3":2,"4":0,"5":0,"6":9,"7":6,"8":6,"9":4,"10":4},"b":{"0":[9,0],"1":[0,0],"2":[4,2]}}
,"C:\\Users\\nored\\OneDrive\\Bureau\\mini projet d'apprentissage CS\\React et asp\\B3\\FE_Mercadona\\fe_mercadona\\src\\Component\\Promotion.tsx": {"path":"C:\\Users\\nored\\OneDrive\\Bureau\\mini projet d'apprentissage CS\\React et asp\\B3\\FE_Mercadona\\fe_mercadona\\src\\Component\\Promotion.tsx","statementMap":{"0":{"start":{"line":3,"column":0},"end":{"line":3,"column":34}},"1":{"start":{"line":4,"column":0},"end":{"line":4,"column":40}},"2":{"start":{"line":5,"column":0},"end":{"line":5,"column":69}},"3":{"start":{"line":6,"column":0},"end":{"line":6,"column":48}},"4":{"start":{"line":14,"column":25},"end":{"line":14,"column":39}},"5":{"start":{"line":16,"column":8},"end":{"line":16,"column":21}},"6":{"start":{"line":17,"column":8},"end":{"line":17,"column":97}},"7":{"start":{"line":20,"column":8},"end":{"line":20,"column":32}},"8":{"start":{"line":21,"column":8},"end":{"line":21,"column":34}},"9":{"start":{"line":22,"column":8},"end":{"line":22,"column":34}},"10":{"start":{"line":26,"column":8},"end":{"line":26,"column":32}},"11":{"start":{"line":29,"column":23},"end":{"line":29,"column":55}},"12":{"start":{"line":30,"column":28},"end":{"line":30,"column":49}},"13":{"start":{"line":31,"column":31},"end":{"line":31,"column":60}},"14":{"start":{"line":34,"column":8},"end":{"line":34,"column":64}},"15":{"start":{"line":34,"column":41},"end":{"line":34,"column":61}},"16":{"start":{"line":35,"column":8},"end":{"line":72,"column":10}},"17":{"start":{"line":42,"column":28},"end":{"line":43,"column":null}},"18":{"start":{"line":51,"column":24},"end":{"line":68,"column":55}},"19":{"start":{"line":76,"column":23},"end":{"line":78,"column":95}},"20":{"start":{"line":79,"column":8},"end":{"line":84,"column":null}},"21":{"start":{"line":87,"column":25},"end":{"line":87,"column":48}},"22":{"start":{"line":88,"column":21},"end":{"line":88,"column":42}},"23":{"start":{"line":89,"column":8},"end":{"line":89,"column":62}},"24":{"start":{"line":93,"column":25},"end":{"line":93,"column":49}},"25":{"start":{"line":94,"column":21},"end":{"line":94,"column":42}},"26":{"start":{"line":95,"column":8},"end":{"line":95,"column":64}},"27":{"start":{"line":100,"column":25},"end":{"line":100,"column":50}},"28":{"start":{"line":101,"column":21},"end":{"line":101,"column":42}},"29":{"start":{"line":102,"column":8},"end":{"line":102,"column":64}},"30":{"start":{"line":13,"column":0},"end":{"line":13,"column":21}}},"fnMap":{"0":{"name":"(anonymous_1)","decl":{"start":{"line":15,"column":4},"end":{"line":15,"column":16}},"loc":{"start":{"line":15,"column":26},"end":{"line":18,"column":5}}},"1":{"name":"(anonymous_2)","decl":{"start":{"line":19,"column":4},"end":{"line":19,"column":21}},"loc":{"start":{"line":19,"column":21},"end":{"line":24,"column":5}}},"2":{"name":"(anonymous_3)","decl":{"start":{"line":25,"column":4},"end":{"line":25,"column":22}},"loc":{"start":{"line":25,"column":22},"end":{"line":27,"column":5}}},"3":{"name":"(anonymous_4)","decl":{"start":{"line":28,"column":4},"end":{"line":28,"column":10}},"loc":{"start":{"line":28,"column":73},"end":{"line":73,"column":5}}},"4":{"name":"(anonymous_5)","decl":{"start":{"line":34,"column":33},"end":{"line":34,"column":34}},"loc":{"start":{"line":34,"column":41},"end":{"line":34,"column":61}}},"5":{"name":"(anonymous_6)","decl":{"start":{"line":41,"column":45},"end":{"line":41,"column":53}},"loc":{"start":{"line":42,"column":28},"end":{"line":43,"column":null}}},"6":{"name":"(anonymous_7)","decl":{"start":{"line":50,"column":34},"end":{"line":50,"column":41}},"loc":{"start":{"line":51,"column":24},"end":{"line":68,"column":55}}},"7":{"name":"(anonymous_8)","decl":{"start":{"line":74,"column":4},"end":{"line":74,"column":10}},"loc":{"start":{"line":74,"column":10},"end":{"line":85,"column":5}}},"8":{"name":"(anonymous_9)","decl":{"start":{"line":86,"column":4},"end":{"line":86,"column":9}},"loc":{"start":{"line":86,"column":26},"end":{"line":91,"column":5}}},"9":{"name":"(anonymous_10)","decl":{"start":{"line":92,"column":4},"end":{"line":92,"column":9}},"loc":{"start":{"line":92,"column":28},"end":{"line":98,"column":5}}},"10":{"name":"(anonymous_11)","decl":{"start":{"line":99,"column":4},"end":{"line":99,"column":9}},"loc":{"start":{"line":99,"column":28},"end":{"line":104,"column":5}}}},"branchMap":{"0":{"loc":{"start":{"line":51,"column":24},"end":{"line":68,"column":55}},"type":"cond-expr","locations":[{"start":{"line":52,"column":25},"end":{"line":68,"column":47}},{"start":{"line":68,"column":50},"end":{"line":68,"column":55}}]},"1":{"loc":{"start":{"line":52,"column":25},"end":{"line":68,"column":47}},"type":"cond-expr","locations":[{"start":{"line":53,"column":32},"end":{"line":53,"column":null}},{"start":{"line":60,"column":38},"end":{"line":68,"column":46}}]},"2":{"loc":{"start":{"line":60,"column":38},"end":{"line":68,"column":46}},"type":"cond-expr","locations":[{"start":{"line":61,"column":36},"end":{"line":61,"column":null}},{"start":{"line":68,"column":41},"end":{"line":68,"column":46}}]},"3":{"loc":{"start":{"line":76,"column":23},"end":{"line":78,"column":95}},"type":"cond-expr","locations":[{"start":{"line":77,"column":14},"end":{"line":77,"column":76}},{"start":{"line":78,"column":14},"end":{"line":78,"column":95}}]}},"s":{"0":1,"1":1,"2":1,"3":1,"4":1,"5":2,"6":1,"7":1,"8":1,"9":1,"10":0,"11":0,"12":0,"13":0,"14":0,"15":0,"16":0,"17":0,"18":0,"19":1,"20":1,"21":1,"22":1,"23":1,"24":1,"25":1,"26":1,"27":1,"28":1,"29":1,"30":1},"f":{"0":2,"1":1,"2":0,"3":0,"4":0,"5":0,"6":0,"7":1,"8":1,"9":1,"10":1},"b":{"0":[0,0],"1":[0,0],"2":[0,0],"3":[1,0]}}
,"C:\\Users\\nored\\OneDrive\\Bureau\\mini projet d'apprentissage CS\\React et asp\\B3\\FE_Mercadona\\fe_mercadona\\src\\Forms\\TextField.tsx": {"path":"C:\\Users\\nored\\OneDrive\\Bureau\\mini projet d'apprentissage CS\\React et asp\\B3\\FE_Mercadona\\fe_mercadona\\src\\Forms\\TextField.tsx","statementMap":{"0":{"start":{"line":1,"column":0},"end":{"line":1,"column":45}},"1":{"start":{"line":4,"column":4},"end":{"line":12,"column":null}},"2":{"start":{"line":9,"column":28},"end":{"line":9,"column":68}},"3":{"start":{"line":3,"column":0},"end":{"line":3,"column":24}},"4":{"start":{"line":21,"column":0},"end":{"line":23,"column":null}}},"fnMap":{"0":{"name":"TextField","decl":{"start":{"line":3,"column":24},"end":{"line":3,"column":33}},"loc":{"start":{"line":3,"column":55},"end":{"line":13,"column":1}}},"1":{"name":"(anonymous_1)","decl":{"start":{"line":9,"column":21},"end":{"line":9,"column":24}},"loc":{"start":{"line":9,"column":28},"end":{"line":9,"column":68}}}},"branchMap":{},"s":{"0":1,"1":2,"2":0,"3":1,"4":1},"f":{"0":2,"1":0},"b":{}}
}
