TN:
SF:src\endpoints.ts
FNF:0
FNH:0
DA:2,1
DA:3,1
DA:4,1
DA:5,1
DA:6,1
LF:5
LH:5
BRF:0
BRH:0
end_of_record
TN:
SF:src\Auth\AuthForm.tsx
FN:11,AuthForm
FNF:1
FNH:1
FNDA:1,AuthForm
DA:1,1
DA:3,1
DA:4,1
DA:6,1
DA:7,1
DA:11,1
DA:12,1
LF:7
LH:7
BRF:0
BRH:0
end_of_record
TN:
SF:src\Auth\AuthenticationContext.ts
FN:7,(anonymous_1)
FNF:1
FNH:0
FNDA:0,(anonymous_1)
DA:1,1
DA:4,1
DA:9,1
LF:3
LH:3
BRF:0
BRH:0
end_of_record
TN:
SF:src\Auth\Login.tsx
FN:10,Login
FN:14,login
FN:32,(anonymous_3)
FNF:3
FNH:3
FNDA:1,Login
FNDA:1,login
FNDA:1,(anonymous_3)
DA:1,1
DA:3,1
DA:4,1
DA:5,1
DA:6,1
DA:7,1
DA:8,1
DA:10,1
DA:11,1
DA:12,1
DA:13,1
DA:15,1
DA:16,1
DA:18,0
DA:19,0
DA:20,0
DA:22,1
DA:26,1
DA:32,1
LF:19
LH:16
BRF:0
BRH:0
end_of_record
TN:
SF:src\Auth\handleJWT.ts
FN:7,saveToken
FN:11,getClaim
FN:32,logOut
FNF:3
FNH:0
FNDA:0,saveToken
FNDA:0,getClaim
FNDA:0,logOut
DA:4,1
DA:5,1
DA:7,1
DA:8,0
DA:9,0
DA:11,1
DA:12,0
DA:13,0
DA:14,0
DA:16,0
DA:17,0
DA:19,0
DA:20,0
DA:21,0
DA:23,0
DA:24,0
DA:25,0
DA:26,0
DA:29,0
DA:32,1
DA:33,0
DA:34,0
LF:22
LH:5
BRDA:13,0,0,0
BRDA:19,1,0,0
BRF:2
BRH:0
end_of_record
TN:
SF:src\Component\CardProduct.tsx
FN:9,CardProduct
FN:11,(anonymous_2)
FN:15,getPromotion
FN:17,(anonymous_4)
FN:24,(anonymous_5)
FNF:5
FNH:3
FNDA:9,CardProduct
FNDA:9,(anonymous_2)
FNDA:9,getPromotion
FNDA:0,(anonymous_4)
FNDA:0,(anonymous_5)
DA:3,1
DA:4,1
DA:5,1
DA:7,1
DA:9,1
DA:10,9
DA:11,9
DA:12,9
DA:16,9
DA:18,0
DA:24,9
DA:26,9
LF:12
LH:11
BRDA:34,0,0,5
BRDA:34,0,1,4
BRF:2
BRH:2
end_of_record
TN:
SF:src\Component\Catalogue.tsx
FN:17,(anonymous_1)
FN:22,(anonymous_2)
FN:29,(anonymous_3)
FN:34,(anonymous_4)
FN:42,(anonymous_5)
FN:50,(anonymous_6)
FN:60,(anonymous_7)
FN:83,(anonymous_8)
FN:96,(anonymous_9)
FN:102,(anonymous_10)
FN:108,(anonymous_11)
FNF:11
FNH:9
FNDA:4,(anonymous_1)
FNDA:4,(anonymous_2)
FNDA:2,(anonymous_3)
FNDA:2,(anonymous_4)
FNDA:0,(anonymous_5)
FNDA:0,(anonymous_6)
FNDA:9,(anonymous_7)
FNDA:6,(anonymous_8)
FNDA:6,(anonymous_9)
FNDA:4,(anonymous_10)
FNDA:4,(anonymous_11)
DA:4,1
DA:5,1
DA:6,1
DA:7,1
DA:11,1
DA:15,1
DA:16,1
DA:18,4
DA:19,4
DA:23,4
DA:24,4
DA:25,4
DA:30,2
DA:36,2
DA:37,2
DA:38,2
DA:42,2
DA:44,2
DA:51,0
DA:60,9
DA:85,6
DA:89,6
DA:97,6
DA:98,4
DA:99,4
DA:103,4
DA:104,3
DA:105,3
DA:109,4
DA:110,4
DA:111,4
LF:31
LH:30
BRDA:60,0,0,9
BRDA:60,0,1,0
BRDA:68,1,0,0
BRDA:68,1,1,0
BRDA:85,2,0,4
BRDA:85,2,1,2
BRF:6
BRH:3
end_of_record
TN:
SF:src\Component\Promotion.tsx
FN:15,(anonymous_1)
FN:19,(anonymous_2)
FN:25,(anonymous_3)
FN:28,(anonymous_4)
FN:34,(anonymous_5)
FN:41,(anonymous_6)
FN:50,(anonymous_7)
FN:74,(anonymous_8)
FN:86,(anonymous_9)
FN:92,(anonymous_10)
FN:99,(anonymous_11)
FNF:11
FNH:6
FNDA:2,(anonymous_1)
FNDA:1,(anonymous_2)
FNDA:0,(anonymous_3)
FNDA:0,(anonymous_4)
FNDA:0,(anonymous_5)
FNDA:0,(anonymous_6)
FNDA:0,(anonymous_7)
FNDA:1,(anonymous_8)
FNDA:1,(anonymous_9)
FNDA:1,(anonymous_10)
FNDA:1,(anonymous_11)
DA:3,1
DA:4,1
DA:5,1
DA:6,1
DA:13,1
DA:14,1
DA:16,2
DA:17,1
DA:20,1
DA:21,1
DA:22,1
DA:26,0
DA:29,0
DA:30,0
DA:31,0
DA:34,0
DA:35,0
DA:42,0
DA:51,0
DA:76,1
DA:79,1
DA:87,1
DA:88,1
DA:89,1
DA:93,1
DA:94,1
DA:95,1
DA:100,1
DA:101,1
DA:102,1
LF:30
LH:22
BRDA:51,0,0,0
BRDA:51,0,1,0
BRDA:52,1,0,0
BRDA:52,1,1,0
BRDA:60,2,0,0
BRDA:60,2,1,0
BRDA:76,3,0,1
BRDA:76,3,1,0
BRF:8
BRH:1
end_of_record
TN:
SF:src\Forms\TextField.tsx
FN:3,TextField
FN:9,(anonymous_1)
FNF:2
FNH:1
FNDA:2,TextField
FNDA:0,(anonymous_1)
DA:1,1
DA:3,1
DA:4,2
DA:9,0
DA:21,1
LF:5
LH:4
BRF:0
BRH:0
end_of_record
